<?xml version="1.0" encoding="UTF-8"?>
<!-- Generated by org.testng.reporters.JUnitReportReporter -->
<testsuite hostname="LAP-143-HF32" name="com.spire.lookUpResources.LookUpResourcesTestPlan" tests="1" failures="0" timestamp="9 Aug 2016 05:03:02 GMT" time="2.094" errors="0">
  <testcase name="verifyLookupservices" time="2.094" classname="com.spire.lookUpResources.LookUpResourcesTestPlan"/>
</testsuite> <!-- com.spire.lookUpResources.LookUpResourcesTestPlan -->
