<?xml version="1.0" encoding="UTF-8"?>
<!-- Generated by org.testng.reporters.JUnitReportReporter -->
<testsuite hostname="LAP-133-HF32" name="com.spire.requisitionResources.SearchResourcesTestPlan" tests="1" failures="0" timestamp="10 Aug 2016 11:20:09 GMT" time="1.383" errors="0">
  <testcase name="GetRequisitionSearch" time="1.383" classname="com.spire.requisitionResources.SearchResourcesTestPlan"/>
</testsuite> <!-- com.spire.requisitionResources.SearchResourcesTestPlan -->
